<?xml version="1.0" encoding="UTF-8"?>
<!-- Generated by org.testng.reporters.JUnitReportReporter -->
<testsuite hostname="LAPTOP-6AQ13BQL" failures="0" tests="1" name="in.co.mercuryTravel.tests.MercuryTravelTestCases" time="6.668" errors="0" timestamp="2024-03-20T14:38:14 CET" skipped="0">
  <testcase classname="in.co.mercuryTravel.tests.MercuryTravelTestCases" name="loginUser" time="6.668"/>
</testsuite> <!-- in.co.mercuryTravel.tests.MercuryTravelTestCases -->
